................................................................................................................................
 Training Adapter Fusion at rf 4
................................................................................................................................
No available GPUs!
Traceback (most recent call last):
  File "train_adapter_prefix_config.py", line 59, in <module>
    from utils import *
  File "/raid/amana/Lamol_with_adaptergen/utils.py", line 17, in <module>
    from settings import args, TASK_DICT, SPECIAL_TOKENS, SPECIAL_TOKEN_IDS, FILL_VAL
  File "/raid/amana/Lamol_with_adaptergen/settings.py", line 188, in <module>
    args, MODEL_CONFIG, MODEL_CLASS, TOKENIZER, CONFIG_CLASS, SPECIAL_TOKEN_IDS, SPECIAL_TOKENS, DATA_ATTRS, TOKENS_WEIGHT = parse_args()
  File "/raid/amana/Lamol_with_adaptergen/settings.py", line 96, in parse_args
    raise NotImplementedError("No CPU mode available!")
NotImplementedError: No CPU mode available!
................................................................................................................................
Training Adapter + Prefix at prefix length 30
................................................................................................................................
No available GPUs!
Traceback (most recent call last):
  File "test_adapter_from_scratch.py", line 9, in <module>
    from settings import args, MODEL_CLASS, TOKENIZER, SPECIAL_TOKEN_IDS, init_logging
  File "/raid/amana/Lamol_with_adaptergen/settings.py", line 188, in <module>
    args, MODEL_CONFIG, MODEL_CLASS, TOKENIZER, CONFIG_CLASS, SPECIAL_TOKEN_IDS, SPECIAL_TOKENS, DATA_ATTRS, TOKENS_WEIGHT = parse_args()
  File "/raid/amana/Lamol_with_adaptergen/settings.py", line 96, in parse_args
    raise NotImplementedError("No CPU mode available!")
NotImplementedError: No CPU mode available!
commands_1.sh: line 40: syntax error near unexpected token `done'
commands_1.sh: line 40: `done '
